<?xml version="1.0" encoding="UTF-8"?>
<!-- Generated by org.testng.reporters.JUnitXMLReporter -->
<testsuite ignored="0" hostname="DESKTOP-6VHPRF7" failures="1" tests="1" name="Test" time="0.111" errors="0" timestamp="06 Oct 2022 06:46:43 GMT">
  <testcase classname="tests.LoginTest" name="login" time="0.039">
    <failure type="java.lang.NullPointerException">
      <![CDATA[java.lang.NullPointerException
at java.base/java.io.FileInputStream.<init>(FileInputStream.java:149)
at java.base/java.io.FileInputStream.<init>(FileInputStream.java:111)
at Resources.Base.InitialiseDriver(Base.java:29)
at tests.LoginTest.login(LoginTest.java:18)
... Removed 23 stack frames]]>
    </failure>
  </testcase> <!-- login -->
</testsuite> <!-- Test -->
