<?xml version="1.0" encoding="UTF-8"?>
<testng-results ignored="0" total="2" passed="2" failed="0" skipped="0">
  <reporter-output>
  </reporter-output>
  <suite started-at="2022-10-07T18:30:23 IST" name="Default suite" finished-at="2022-10-07T18:30:57 IST" duration-ms="33765">
    <groups>
    </groups>
    <test started-at="2022-10-07T18:30:23 IST" name="Default test" finished-at="2022-10-07T18:30:57 IST" duration-ms="33765">
      <class name="tests.LoginTest">
        <test-method signature="login(java.lang.String,java.lang.String,java.lang.String)[pri:0, instance:tests.LoginTest@6b927fb]" started-at="2022-10-07T18:30:23 IST" name="login" data-provider="getLoginData" finished-at="2022-10-07T18:30:36 IST" duration-ms="12442" status="PASS">
          <params>
            <param index="0">
              <value>
                <![CDATA[amoldahibhate88@gmail.com]]>
              </value>
            </param>
            <param index="1">
              <value>
                <![CDATA[amol@123]]>
              </value>
            </param>
            <param index="2">
              <value>
                <![CDATA[Successfull]]>
              </value>
            </param>
          </params>
          <reporter-output>
          </reporter-output>
        </test-method> <!-- login -->
        <test-method is-config="true" signature="teardown()[pri:0, instance:tests.LoginTest@6b927fb]" started-at="2022-10-07T18:30:36 IST" name="teardown" finished-at="2022-10-07T18:30:36 IST" duration-ms="236" status="PASS">
          <reporter-output>
          </reporter-output>
        </test-method> <!-- teardown -->
        <test-method signature="login(java.lang.String,java.lang.String,java.lang.String)[pri:0, instance:tests.LoginTest@6b927fb]" started-at="2022-10-07T18:30:36 IST" name="login" data-provider="getLoginData" finished-at="2022-10-07T18:30:57 IST" duration-ms="20842" status="PASS">
          <params>
            <param index="0">
              <value>
                <![CDATA[dummy@test.com]]>
              </value>
            </param>
            <param index="1">
              <value>
                <![CDATA[dummy]]>
              </value>
            </param>
            <param index="2">
              <value>
                <![CDATA[Failure]]>
              </value>
            </param>
          </params>
          <reporter-output>
          </reporter-output>
        </test-method> <!-- login -->
        <test-method is-config="true" signature="teardown()[pri:0, instance:tests.LoginTest@6b927fb]" started-at="2022-10-07T18:30:57 IST" name="teardown" finished-at="2022-10-07T18:30:57 IST" duration-ms="174" status="PASS">
          <reporter-output>
          </reporter-output>
        </test-method> <!-- teardown -->
      </class> <!-- tests.LoginTest -->
    </test> <!-- Default test -->
  </suite> <!-- Default suite -->
</testng-results>
